<?xml version="1.0" encoding="UTF-8"?>
<!-- Generated by org.testng.reporters.JUnitXMLReporter -->
<testsuite hostname="VidyaPC" ignored="0" name="RetryMultipleFailedTestCases" tests="8" failures="2" timestamp="20 Sep 2018 01:48:35 GMT" time="0.1" errors="0">
  <testcase name="Test1" time="0.013" classname="mytests.MyTests">
    <skipped/>
  </testcase> <!-- Test1 -->
  <testcase name="Test1" time="0.003" classname="mytests.MyTests">
    <skipped/>
  </testcase> <!-- Test1 -->
  <testcase name="Test1" time="0.002" classname="mytests.MyTests">
    <skipped/>
  </testcase> <!-- Test1 -->
  <testcase name="Test1" time="0.004" classname="mytests.MyTests">
    <failure type="java.lang.AssertionError" message="expected [true] but found [false]">
      <![CDATA[java.lang.AssertionError: expected [true] but found [false]
at mytests.MyTests.Test1(MyTests.java:9)
... Removed 31 stack frames]]>
    </failure>
  </testcase> <!-- Test1 -->
  <testcase name="Test2" time="0.004" classname="mytests.MyTests">
    <skipped/>
  </testcase> <!-- Test2 -->
  <testcase name="Test2" time="0.004" classname="mytests.MyTests">
    <skipped/>
  </testcase> <!-- Test2 -->
  <testcase name="Test2" time="0.002" classname="mytests.MyTests">
    <skipped/>
  </testcase> <!-- Test2 -->
  <testcase name="Test2" time="0.002" classname="mytests.MyTests">
    <failure type="java.lang.AssertionError" message="expected [true] but found [false]">
      <![CDATA[java.lang.AssertionError: expected [true] but found [false]
at mytests.MyTests.Test2(MyTests.java:14)
... Removed 31 stack frames]]>
    </failure>
  </testcase> <!-- Test2 -->
</testsuite> <!-- RetryMultipleFailedTestCases -->
