<?xml version="1.0" encoding="UTF-8"?>
<!-- Generated by org.testng.reporters.JUnitXMLReporter -->
<testsuite hostname="LAPTOP-MJQ3KQCM" ignored="1" name="Test" tests="5" failures="0" timestamp="27 Apr 2018 14:48:55 GMT" time="0.123" errors="0">
  <testcase name="login" time="0.0" classname="Apr27.First_Class"/>
  <testcase name="login" time="0.015" classname="Apr27.Second_class"/>
  <testcase name="reply" time="0.016" classname="Apr27.Second_class"/>
  <testcase name="reply" time="0.0" classname="Apr27.First_Class"/>
  <testcase name="compose" time="0.0" classname="Apr27.First_Class"/>
  <testcase name="compose" time="0.0" classname="Apr27.Second_class">
    <ignored/>
  </testcase> <!-- compose -->
</testsuite> <!-- Test -->
